2025-12-13 00:03:42,199 [INFO] UtilMem:75 - End SaveConfig() Used Memory: 564765104 Bytes (1073741824)
2025-12-13 00:06:22,332 [INFO] UtilMem:75 - End SaveConfig() Used Memory: 648248840 Bytes (1073741824)
2025-12-13 00:06:22,518 [INFO] BlockDiagram:2775 - set Specific Code input for plugin: RCC
2025-12-13 00:06:22,519 [INFO] BlockDiagram:2775 - set Specific Code input for plugin: NVIC
2025-12-13 00:06:22,519 [INFO] BlockDiagram:2775 - set Specific Code input for plugin: GPIO
2025-12-13 00:06:22,520 [INFO] CodeGenerator:892 - code generatio: config db path: C:\ST\STM32CubeIDE_1.19.0\STM32CubeIDE\plugins\com.st.stm32cube.common.mx_6.15.0.202507011659\\db\
2025-12-13 00:06:22,580 [INFO] CodeEngine:265 - oldGeneratedFile, C:\Trunov\lab2\MXTmpFiles\license.tmp_save
2025-12-13 00:06:22,697 [INFO] CodeEngine:289 - Generated code: C:\Trunov\lab2\MXTmpFiles\license.tmp
2025-12-13 00:06:22,724 [INFO] CodeEngine:265 - oldGeneratedFile, C:\Trunov\lab2\MXTmpFiles\gpio.tmp_save
2025-12-13 00:06:22,779 [INFO] CodeEngine:289 - Generated code: C:\Trunov\lab2\MXTmpFiles\gpio.tmp
2025-12-13 00:06:22,785 [INFO] CodeEngine:265 - oldGeneratedFile, C:\Trunov\lab2\Core\Src\stm32f4xx_it.c_save
2025-12-13 00:06:22,899 [INFO] CodeEngine:289 - Generated code: C:\Trunov\lab2\Core\Src\stm32f4xx_it.c
2025-12-13 00:06:22,901 [INFO] CodeEngine:265 - oldGeneratedFile, C:\Trunov\lab2\Core\Inc\stm32f4xx_it.h_save
2025-12-13 00:06:22,939 [INFO] CodeEngine:289 - Generated code: C:\Trunov\lab2\Core\Inc\stm32f4xx_it.h
2025-12-13 00:06:22,953 [INFO] CodeEngine:265 - oldGeneratedFile, C:\Trunov\lab2\Core\Src\stm32f4xx_hal_msp.c_save
2025-12-13 00:06:23,006 [INFO] CodeEngine:289 - Generated code: C:\Trunov\lab2\Core\Src\stm32f4xx_hal_msp.c
2025-12-13 00:06:23,008 [INFO] CodeEngine:265 - oldGeneratedFile, C:\Trunov\lab2\MXTmpFiles\system.tmp_save
2025-12-13 00:06:23,040 [INFO] CodeEngine:289 - Generated code: C:\Trunov\lab2\MXTmpFiles\system.tmp
2025-12-13 00:06:23,045 [INFO] CodeEngine:321 - oldGeneratedFile, C:\Trunov\lab2\Core\Inc\stm32f4xx_hal_conf.h_save
2025-12-13 00:06:23,083 [INFO] CodeEngine:345 - Generated code: C:\Trunov\lab2\Core\Inc\stm32f4xx_hal_conf.h
2025-12-13 00:06:23,107 [INFO] CodeEngine:265 - oldGeneratedFile, C:\Trunov\lab2\Core\Inc\main.h_save
2025-12-13 00:06:23,160 [INFO] CodeEngine:289 - Generated code: C:\Trunov\lab2\Core\Inc\main.h
2025-12-13 00:06:23,163 [INFO] CodeEngine:265 - oldGeneratedFile, C:\Trunov\lab2\Core\Src\main.c_save
2025-12-13 00:06:23,215 [INFO] CodeEngine:289 - Generated code: C:\Trunov\lab2\Core\Src\main.c
2025-12-13 00:06:23,344 [INFO] ProjectBuilder:3606 - Time for Copy HAL[1] : 45mS.
2025-12-13 00:06:23,345 [INFO] ProjectBuilder:5216 - Project Generator version: 4.7.0-B52
2025-12-13 00:06:23,392 [INFO] ConfigFileManager:1595 - The Die is : DIE413
2025-12-13 00:06:23,817 [INFO] ProjectBuilder:5496 - Time for Generating toolchain IDE Files: 472mS.
2025-12-13 00:06:23,817 [INFO] ProjectBuilder:3463 - Time for Copy CMSIS : 0mS.
2025-12-13 00:06:23,819 [INFO] ProjectBuilder:3463 - Time for Copy CMSIS : 1mS.
2025-12-13 00:16:06,812 [INFO] Gpio:278 - dependency for GPIO []
2025-12-13 00:16:11,422 [INFO] Gpio:278 - dependency for GPIO []
2025-12-13 00:16:43,601 [INFO] UtilMem:75 - End SaveConfig() Used Memory: 729925952 Bytes (1073741824)
2025-12-13 00:16:45,159 [INFO] UtilMem:75 - End SaveConfig() Used Memory: 778160448 Bytes (1073741824)
2025-12-13 00:16:45,366 [INFO] BlockDiagram:2775 - set Specific Code input for plugin: RCC
2025-12-13 00:16:45,366 [INFO] BlockDiagram:2775 - set Specific Code input for plugin: NVIC
2025-12-13 00:16:45,366 [INFO] BlockDiagram:2775 - set Specific Code input for plugin: GPIO
2025-12-13 00:16:45,367 [INFO] CodeGenerator:892 - code generatio: config db path: C:\ST\STM32CubeIDE_1.19.0\STM32CubeIDE\plugins\com.st.stm32cube.common.mx_6.15.0.202507011659\\db\
2025-12-13 00:16:45,420 [INFO] CodeEngine:265 - oldGeneratedFile, C:\Trunov\lab2\MXTmpFiles\license.tmp_save
2025-12-13 00:16:45,496 [INFO] CodeEngine:289 - Generated code: C:\Trunov\lab2\MXTmpFiles\license.tmp
2025-12-13 00:16:45,512 [INFO] CodeEngine:265 - oldGeneratedFile, C:\Trunov\lab2\MXTmpFiles\gpio.tmp_save
2025-12-13 00:16:45,564 [INFO] CodeEngine:289 - Generated code: C:\Trunov\lab2\MXTmpFiles\gpio.tmp
2025-12-13 00:16:45,569 [INFO] CodeEngine:265 - oldGeneratedFile, C:\Trunov\lab2\Core\Src\stm32f4xx_it.c_save
2025-12-13 00:16:45,621 [INFO] CodeEngine:289 - Generated code: C:\Trunov\lab2\Core\Src\stm32f4xx_it.c
2025-12-13 00:16:45,624 [INFO] CodeEngine:265 - oldGeneratedFile, C:\Trunov\lab2\Core\Inc\stm32f4xx_it.h_save
2025-12-13 00:16:45,669 [INFO] CodeEngine:289 - Generated code: C:\Trunov\lab2\Core\Inc\stm32f4xx_it.h
2025-12-13 00:16:45,685 [INFO] CodeEngine:265 - oldGeneratedFile, C:\Trunov\lab2\Core\Src\stm32f4xx_hal_msp.c_save
2025-12-13 00:16:45,745 [INFO] CodeEngine:289 - Generated code: C:\Trunov\lab2\Core\Src\stm32f4xx_hal_msp.c
2025-12-13 00:16:45,747 [INFO] CodeEngine:265 - oldGeneratedFile, C:\Trunov\lab2\MXTmpFiles\system.tmp_save
2025-12-13 00:16:45,785 [INFO] CodeEngine:289 - Generated code: C:\Trunov\lab2\MXTmpFiles\system.tmp
2025-12-13 00:16:45,791 [INFO] CodeEngine:321 - oldGeneratedFile, C:\Trunov\lab2\Core\Inc\stm32f4xx_hal_conf.h_save
2025-12-13 00:16:45,832 [INFO] CodeEngine:345 - Generated code: C:\Trunov\lab2\Core\Inc\stm32f4xx_hal_conf.h
2025-12-13 00:16:45,854 [INFO] CodeEngine:265 - oldGeneratedFile, C:\Trunov\lab2\Core\Inc\main.h_save
2025-12-13 00:16:45,890 [INFO] CodeEngine:289 - Generated code: C:\Trunov\lab2\Core\Inc\main.h
2025-12-13 00:16:45,893 [INFO] CodeEngine:265 - oldGeneratedFile, C:\Trunov\lab2\Core\Src\main.c_save
2025-12-13 00:16:45,946 [INFO] CodeEngine:289 - Generated code: C:\Trunov\lab2\Core\Src\main.c
2025-12-13 00:16:46,073 [INFO] ProjectBuilder:3606 - Time for Copy HAL[1] : 44mS.
2025-12-13 00:16:46,075 [INFO] ProjectBuilder:5216 - Project Generator version: 4.7.0-B52
2025-12-13 00:16:46,120 [INFO] ConfigFileManager:1595 - The Die is : DIE413
2025-12-13 00:16:46,595 [INFO] ProjectBuilder:5496 - Time for Generating toolchain IDE Files: 520mS.
2025-12-13 00:16:46,596 [INFO] ProjectBuilder:3463 - Time for Copy CMSIS : 1mS.
2025-12-13 00:16:46,596 [INFO] ProjectBuilder:3463 - Time for Copy CMSIS : 0mS.
